This file contains any messages produced by compilers while
running configure, to aid debugging if configure makes a mistake.

It was created by configure, which was
generated by GNU Autoconf 2.61.  Invocation command line was

  $ ./configure 

## --------- ##
## Platform. ##
## --------- ##

hostname = zeep-OptiPlex-380
uname -m = i686
uname -r = 2.6.38-10-generic
uname -s = Linux
uname -v = #46-Ubuntu SMP Tue Jun 28 15:05:41 UTC 2011

/usr/bin/uname -p = unknown
/bin/uname -X     = unknown

/bin/arch              = unknown
/usr/bin/arch -k       = unknown
/usr/convex/getsysinfo = unknown
/usr/bin/hostinfo      = unknown
/bin/machine           = unknown
/usr/bin/oslevel       = unknown
/bin/universe          = unknown

PATH: /home/zeep/.rvm/gems/ruby-1.9.2-p290/bin
PATH: /home/zeep/.rvm/gems/ruby-1.9.2-p290@global/bin
PATH: /home/zeep/.rvm/rubies/ruby-1.9.2-p290/bin
PATH: /home/zeep/.rvm/bin
PATH: /usr/local/sbin
PATH: /usr/local/bin
PATH: /usr/sbin
PATH: /usr/bin
PATH: /sbin
PATH: /bin
PATH: /usr/games


## ----------- ##
## Core tests. ##
## ----------- ##

configure:1743: checking for a BSD-compatible install
configure:1799: result: /usr/bin/install -c
configure:1810: checking whether build environment is sane
configure:1853: result: yes
configure:1881: checking for a thread-safe mkdir -p
configure:1920: result: /bin/mkdir -p
configure:1933: checking for gawk
configure:1963: result: no
configure:1933: checking for mawk
configure:1949: found /usr/bin/mawk
configure:1960: result: mawk
configure:1971: checking whether make sets $(MAKE)
configure:1992: result: yes
configure:2180: checking whether to enable maintainer-specific portions of Makefiles
configure:2189: result: no
configure:2251: checking for gcc
configure:2267: found /usr/bin/gcc
configure:2278: result: gcc
configure:2516: checking for C compiler version
configure:2523: gcc --version >&5
gcc (Ubuntu/Linaro 4.5.2-8ubuntu4) 4.5.2
Copyright (C) 2010 Free Software Foundation, Inc.
This is free software; see the source for copying conditions.  There is NO
warranty; not even for MERCHANTABILITY or FITNESS FOR A PARTICULAR PURPOSE.

configure:2526: $? = 0
configure:2533: gcc -v >&5
Using built-in specs.
COLLECT_GCC=gcc
COLLECT_LTO_WRAPPER=/usr/lib/i386-linux-gnu/gcc/i686-linux-gnu/4.5.2/lto-wrapper
Target: i686-linux-gnu
Configured with: ../src/configure -v --with-pkgversion='Ubuntu/Linaro 4.5.2-8ubuntu4' --with-bugurl=file:///usr/share/doc/gcc-4.5/README.Bugs --enable-languages=c,c++,fortran,objc,obj-c++ --prefix=/usr --program-suffix=-4.5 --enable-shared --enable-multiarch --with-multiarch-defaults=i386-linux-gnu --enable-linker-build-id --with-system-zlib --libexecdir=/usr/lib/i386-linux-gnu --without-included-gettext --enable-threads=posix --with-gxx-include-dir=/usr/include/c++/4.5 --libdir=/usr/lib/i386-linux-gnu --enable-nls --with-sysroot=/ --enable-clocale=gnu --enable-libstdcxx-debug --enable-libstdcxx-time=yes --enable-plugin --enable-gold --enable-ld=default --with-plugin-ld=ld.gold --enable-objc-gc --enable-targets=all --disable-werror --with-arch-32=i686 --with-tune=generic --enable-checking=release --build=i686-linux-gnu --host=i686-linux-gnu --target=i686-linux-gnu
Thread model: posix
gcc version 4.5.2 (Ubuntu/Linaro 4.5.2-8ubuntu4) 
configure:2536: $? = 0
configure:2543: gcc -V >&5
gcc: '-V' option must have argument
configure:2546: $? = 1
configure:2569: checking for C compiler default output file name
configure:2596: gcc    conftest.c  >&5
configure:2599: $? = 0
configure:2637: result: a.out
configure:2654: checking whether the C compiler works
configure:2664: ./a.out
configure:2667: $? = 0
configure:2684: result: yes
configure:2691: checking whether we are cross compiling
configure:2693: result: no
configure:2696: checking for suffix of executables
configure:2703: gcc -o conftest    conftest.c  >&5
configure:2706: $? = 0
configure:2730: result: 
configure:2736: checking for suffix of object files
configure:2762: gcc -c   conftest.c >&5
configure:2765: $? = 0
configure:2788: result: o
configure:2792: checking whether we are using the GNU C compiler
configure:2821: gcc -c   conftest.c >&5
configure:2827: $? = 0
configure:2844: result: yes
configure:2849: checking whether gcc accepts -g
configure:2879: gcc -c -g  conftest.c >&5
configure:2885: $? = 0
configure:2984: result: yes
configure:3001: checking for gcc option to accept ISO C89
configure:3075: gcc  -c -g -O2  conftest.c >&5
configure:3081: $? = 0
configure:3104: result: none needed
configure:3133: checking for style of include used by make
configure:3161: result: GNU
configure:3186: checking dependency style of gcc
configure:3277: result: none
configure:3305: checking for a BSD-compatible install
configure:3361: result: /usr/bin/install -c
configure:3396: checking if compiler supports -R
configure:3426: gcc -o conftest -g -O2   conftest.c -R /usr/lib  >&5
gcc: unrecognized option '-R'
/usr/bin/ld: cannot find /usr/lib: File format not recognized
collect2: ld returned 1 exit status
configure:3432: $? = 1
configure: failed program was:
| /* confdefs.h.  */
| #define PACKAGE_NAME ""
| #define PACKAGE_TARNAME ""
| #define PACKAGE_VERSION ""
| #define PACKAGE_STRING ""
| #define PACKAGE_BUGREPORT ""
| #define PACKAGE "beanstalkd"
| #define VERSION "1.3"
| /* end confdefs.h.  */
| 
| int
| main ()
| {
| 
|   ;
|   return 0;
| }
configure:3451: result: no
configure:3456: checking if compiler supports -Wl,-rpath,
configure:3485: gcc -o conftest -g -O2   conftest.c -Wl,-rpath,/usr/lib  >&5
configure:3491: $? = 0
configure:3510: result: yes
configure:3537: checking libevent install prefix
configure:3564: result: /usr
configure:3575: checking for event_get_version in -levent
configure:3610: gcc -o conftest -g -O2 -I/usr/include   -L/usr/lib -Wl,-rpath,/usr/lib conftest.c -levent   -levent >&5
configure:3616: $? = 0
configure:3634: result: yes
configure:3824: creating ./config.status

## ---------------------- ##
## Running config.status. ##
## ---------------------- ##

This file was extended by config.status, which was
generated by GNU Autoconf 2.61.  Invocation command line was

  CONFIG_FILES    = 
  CONFIG_HEADERS  = 
  CONFIG_LINKS    = 
  CONFIG_COMMANDS = 
  $ ./config.status 

on zeep-OptiPlex-380

config.status:636: creating Makefile
config.status:636: creating config.h
config.status:853: config.h is unchanged
config.status:900: executing depfiles commands

## ---------------- ##
## Cache variables. ##
## ---------------- ##

ac_cv_c_compiler_gnu=yes
ac_cv_env_CC_set=
ac_cv_env_CC_value=
ac_cv_env_CFLAGS_set=
ac_cv_env_CFLAGS_value=
ac_cv_env_CPPFLAGS_set=
ac_cv_env_CPPFLAGS_value=
ac_cv_env_LDFLAGS_set=
ac_cv_env_LDFLAGS_value=
ac_cv_env_LIBS_set=
ac_cv_env_LIBS_value=
ac_cv_env_build_alias_set=
ac_cv_env_build_alias_value=
ac_cv_env_host_alias_set=
ac_cv_env_host_alias_value=
ac_cv_env_target_alias_set=
ac_cv_env_target_alias_value=
ac_cv_lib_event_event_get_version=yes
ac_cv_objext=o
ac_cv_path_install='/usr/bin/install -c'
ac_cv_path_mkdir=/bin/mkdir
ac_cv_prog_AWK=mawk
ac_cv_prog_ac_ct_CC=gcc
ac_cv_prog_cc_c89=
ac_cv_prog_cc_g=yes
ac_cv_prog_make_make_set=yes
am_cv_CC_dependencies_compiler_type=none
bt_cv_cc_dashr=no
bt_cv_cc_rpath=yes

## ----------------- ##
## Output variables. ##
## ----------------- ##

ACLOCAL='${SHELL} /home/zeep/Desktop/vas/vas/beanstalkd-1.3/missing --run aclocal-1.10'
AMDEPBACKSLASH='\'
AMDEP_FALSE='#'
AMDEP_TRUE=''
AMTAR='${SHELL} /home/zeep/Desktop/vas/vas/beanstalkd-1.3/missing --run tar'
AUTOCONF='${SHELL} /home/zeep/Desktop/vas/vas/beanstalkd-1.3/missing --run autoconf'
AUTOHEADER='${SHELL} /home/zeep/Desktop/vas/vas/beanstalkd-1.3/missing --run autoheader'
AUTOMAKE='${SHELL} /home/zeep/Desktop/vas/vas/beanstalkd-1.3/missing --run automake-1.10'
AWK='mawk'
CC='gcc'
CCDEPMODE='depmode=none'
CFLAGS='-g -O2 -I/usr/include'
CPPFLAGS=''
CYGPATH_W='echo'
DEFS='-DHAVE_CONFIG_H'
DEPDIR='.deps'
ECHO_C=''
ECHO_N='-n'
ECHO_T=''
EXEEXT=''
INSTALL_DATA='${INSTALL} -m 644'
INSTALL_PROGRAM='${INSTALL}'
INSTALL_SCRIPT='${INSTALL}'
INSTALL_STRIP_FLAG='-s'
INSTALL_STRIP_PROGRAM='$(install_sh) -c -s'
LDFLAGS=' -L/usr/lib -Wl,-rpath,/usr/lib'
LIBOBJS=''
LIBS='-levent  -levent'
LTLIBOBJS=''
MAINT='#'
MAINTAINER_MODE_FALSE=''
MAINTAINER_MODE_TRUE='#'
MAKEINFO='${SHELL} /home/zeep/Desktop/vas/vas/beanstalkd-1.3/missing --run makeinfo'
OBJEXT='o'
PACKAGE='beanstalkd'
PACKAGE_BUGREPORT=''
PACKAGE_NAME=''
PACKAGE_STRING=''
PACKAGE_TARNAME=''
PACKAGE_VERSION=''
PATH_SEPARATOR=':'
SET_MAKE=''
SHELL='/bin/bash'
STRIP=''
VERSION='1.3'
ac_ct_CC='gcc'
am__fastdepCC_FALSE=''
am__fastdepCC_TRUE='#'
am__include='include'
am__isrc=''
am__leading_dot='.'
am__quote=''
am__tar='${AMTAR} chof - "$$tardir"'
am__untar='${AMTAR} xf -'
bindir='${exec_prefix}/bin'
build_alias=''
datadir='${datarootdir}'
datarootdir='${prefix}/share'
docdir='${datarootdir}/doc/${PACKAGE}'
dvidir='${docdir}'
exec_prefix='${prefix}'
host_alias=''
htmldir='${docdir}'
includedir='${prefix}/include'
infodir='${datarootdir}/info'
install_sh='$(SHELL) /home/zeep/Desktop/vas/vas/beanstalkd-1.3/install-sh'
libdir='${exec_prefix}/lib'
libexecdir='${exec_prefix}/libexec'
localedir='${datarootdir}/locale'
localstatedir='${prefix}/var'
mandir='${datarootdir}/man'
mkdir_p='/bin/mkdir -p'
oldincludedir='/usr/include'
pdfdir='${docdir}'
prefix='/usr/local'
program_transform_name='s,x,x,'
psdir='${docdir}'
sbindir='${exec_prefix}/sbin'
sharedstatedir='${prefix}/com'
sysconfdir='${prefix}/etc'
target_alias=''

## ----------- ##
## confdefs.h. ##
## ----------- ##

#define PACKAGE_NAME ""
#define PACKAGE_TARNAME ""
#define PACKAGE_VERSION ""
#define PACKAGE_STRING ""
#define PACKAGE_BUGREPORT ""
#define PACKAGE "beanstalkd"
#define VERSION "1.3"
#define HAVE_LIBEVENT 1

configure: exit 0
